2019-10-22 15:35:14,728  INFO [main] SearchFlight:39 - Chrome driver is initialized
2019-10-22 15:35:24,725  INFO [main] SearchFlight:42 - Emirates site is opened
2019-10-22 15:35:26,981  INFO [main] SearchFlight:45 - Window is maximized
2019-10-22 15:35:31,532  INFO [main] SearchFlight:48 - Deleted all cookies of browser
2019-10-22 15:35:31,556  INFO [main] SearchFlight:51 - Pageload wait added
2019-10-22 15:35:31,586  INFO [main] SearchFlight:54 - Implicit wait added
2019-10-22 15:35:31,602  INFO [main] SearchFlight:57 - Actions object initialized to select departure / arrival places later
2019-10-22 15:35:31,610  INFO [main] SearchFlight:60 - Wait added so browser can load properly
2019-10-22 15:35:31,610  INFO [main] SearchFlight:63 - Random object initialized so we can pick random index later
2019-10-22 15:35:31,619  INFO [main] SearchFlight:23 - Setup has been Completed
2019-10-22 15:35:31,634  INFO [main] SearchFlight:29 - LaunchSite has been started
2019-10-22 15:35:31,651  INFO [main] SearchFlight:31 - LaunchSite has been Completed
2019-10-22 15:35:31,659  INFO [main] SearchFlight:38 - setDeparture has been started
2019-10-22 15:35:31,778  INFO [main] SearchFlight:70 - Wait added until departure field is loaded
2019-10-22 15:35:31,796  INFO [main] SearchFlight:73 - Access Departure WebElement
2019-10-22 15:35:31,953  INFO [main] SearchFlight:76 - 1st click on Departure field
2019-10-22 15:35:32,073  INFO [main] SearchFlight:79 - 2nd click on departure field so dropdown can open
2019-10-22 15:35:32,080  INFO [main] SearchFlight:82 - Wait added so departure dropdown can load properly
2019-10-22 15:35:32,139  INFO [main] SearchFlight:85 - Wait added until departure field drop down data appears
2019-10-22 15:35:32,157  INFO [main] SearchFlight:88 - Access Departure field Dropdown
2019-10-22 15:35:32,202  INFO [main] SearchFlight:92 - Get all the list items in departure field, size is: 31
2019-10-22 15:35:32,203  INFO [main] SearchFlight:95 - Departure: Size of list items calculated
2019-10-22 15:35:32,203  INFO [main] SearchFlight:98 - Select a random index from the size i.e: 6
2019-10-22 15:35:32,470  INFO [main] SearchFlight:101 - Click on random index for Departure Dropdown
2019-10-22 15:35:32,501  INFO [main] SearchFlight:158 - Departure place field data accessed
2019-10-22 15:35:32,503  INFO [main] SearchFlight:42 - Departure Place has been stored in WebElement
2019-10-22 15:35:32,516  INFO [main] SearchFlight:45 - Fetched value of WebElement departure1
2019-10-22 15:35:32,516  INFO [main] SearchFlight:48 - Assertion checked if there is any value in field
2019-10-22 15:35:32,520  INFO [main] SearchFlight:55 - setArrival has been started
2019-10-22 15:35:32,571  INFO [main] SearchFlight:108 - Wait added until arrival field is loaded
2019-10-22 15:35:32,608  INFO [main] SearchFlight:111 - Access Arrival WebElement
2019-10-22 15:35:32,610  INFO [main] SearchFlight:114 - Click on Arrival field
2019-10-22 15:35:32,617  INFO [main] SearchFlight:117 - Wait added so arrival dropdown can load properly
2019-10-22 15:35:33,087  INFO [main] SearchFlight:120 - Wait added until arrival field drop down data appears
2019-10-22 15:35:33,106  INFO [main] SearchFlight:123 - Access Arrival field Dropdown
2019-10-22 15:35:33,113  INFO [main] SearchFlight:126 - Wait added so arrival dropdown can load properly
2019-10-22 15:35:33,134  INFO [main] SearchFlight:129 - Get all the list items in arrival field, size is: 30
2019-10-22 15:35:33,134  INFO [main] SearchFlight:132 - Arrival: Size of list items calculated
2019-10-22 15:35:33,138  INFO [main] SearchFlight:135 - Select a random index from the size i.e: 17
2019-10-22 15:35:33,367  INFO [main] SearchFlight:138 - Click on random index for Arrival Dropdown
2019-10-22 15:36:33,509  INFO [main] SearchFlight:71 - setDepartureDate has been started
2019-10-22 15:36:46,300  INFO [main] SearchFlight:88 - testArrivalDate has been started
2019-10-22 15:36:47,321  INFO [main] SearchFlight:185 - Browser is quit
2019-10-22 15:36:47,322  INFO [main] SearchFlight:106 - Browser is closed
